#
# A fatal error has been detected by the Java Runtime Environment:
#
#  EXCEPTION_ACCESS_VIOLATION (0xc0000005) at pc=0x000000001ec11066, pid=2404, tid=0x00000000000011dc
#
# JRE version: Java(TM) SE Runtime Environment (8.0_112-b15) (build 1.8.0_112-b15)
# Java VM: Java HotSpot(TM) 64-Bit Server VM (25.112-b15 mixed mode windows-amd64 compressed oops)
# Problematic frame:
# C  [OpenAL64.dll+0x11066]
#
# Failed to write core dump. Minidumps are not enabled by default on client versions of Windows
#
# If you would like to submit a bug report, please visit:
#   http://bugreport.java.com/bugreport/crash.jsp
# The crash happened outside the Java Virtual Machine in native code.
# See problematic frame for where to report the bug.
#

---------------  T H R E A D  ---------------

Current thread (0x000000001ba96000):  JavaThread "Thread-12" [_thread_in_native, id=4572, stack(0x00000000362b0000,0x00000000363b0000)]

siginfo: ExceptionCode=0xc0000005, reading address 0x000000001c84b004

Registers:
RAX=0x0000000000000004, RBX=0x0000000026300090, RCX=0x000000001c84b008, RDX=0x000000001c84b004
RSP=0x00000000363af090, RBP=0x00000000000000ff, RSI=0x000000001c84a89c, RDI=0x0000000000000000
R8 =0x00000000000001da, R9 =0x000000001c84a89c, R10=0x00000000030c7f48, R11=0x0000000062fab530
R12=0x0000000000000001, R13=0x0000000032b27bb8, R14=0x00000000363af228, R15=0x000000001ba96000
RIP=0x000000001ec11066, EFLAGS=0x0000000000010202

Top of Stack: (sp=0x00000000363af090)
0x00000000363af090:   00000000363af0d0 0000000016461198
0x00000000363af0a0:   0000000000000000 000000001645dab8
0x00000000363af0b0:   0000000032b27bb8 0000000062eaaf65
0x00000000363af0c0:   000000001ba96000 000000001c849ce0
0x00000000363af0d0:   0000000032b27bb8 00000000363af228
0x00000000363af0e0:   000000001d002710 0000000062e3b2a6
0x00000000363af0f0:   00000000363af898 000000001eb97ce0
0x00000000363af100:   000000001ba96000 00000000363af228
0x00000000363af110:   0000000032b27bb8 0000000000000000
0x00000000363af120:   000000001c84a89c 000000001c84a89c
0x00000000363af130:   00000000363af1f0 000000001ec1248f
0x00000000363af140:   0000000026300090 0000000026300090
0x00000000363af150:   000000000000ac44 0000000000000004
0x00000000363af160:   00000000d4cc7c00 00000000030c7f74
0x00000000363af170:   0000000032b27bb8 00000000ca617298
0x00000000363af180:   00000000363af180 0000000032b2a9e9 

Instructions: (pc=0x000000001ec11066)
0x000000001ec11046:   41 2b ec 81 3a 03 00 02 00 75 09 8b 01 89 84 24
0x000000001ec11056:   c8 00 00 00 49 83 c0 02 48 83 c1 08 4a 8d 14 86
0x000000001ec11066:   39 3a 75 af 4c 8d 84 24 c0 00 00 00 48 8d 15 d7
0x000000001ec11076:   2b 03 00 33 c9 e8 58 5f 00 00 b8 40 1f 00 00 4c 


Register to memory mapping:

RAX=0x0000000000000004 is an unknown value
RBX=0x0000000026300090 is an unknown value
RCX=0x000000001c84b008 is an unknown value
RDX=0x000000001c84b004 is an unknown value
RSP=0x00000000363af090 is pointing into the stack for thread: 0x000000001ba96000
RBP=0x00000000000000ff is an unknown value
RSI=0x000000001c84a89c is an unknown value
RDI=0x0000000000000000 is an unknown value
R8 =0x00000000000001da is an unknown value
R9 =0x000000001c84a89c is an unknown value
R10=0x00000000030c7f48 is at code_begin+840 in an Interpreter codelet
method entry point (kind = native)  [0x00000000030c7c00, 0x00000000030c8560]  2400 bytes
R11=0x0000000062fab530 is an unknown value
R12=0x0000000000000001 is an unknown value
R13={method} {0x0000000032b27bc0} 'nalcCreateContext' '(JJ)J' in 'org/lwjgl/openal/ALC10'
R14=0x00000000363af228 is pointing into the stack for thread: 0x000000001ba96000
R15=0x000000001ba96000 is a thread


Stack: [0x00000000362b0000,0x00000000363b0000],  sp=0x00000000363af090,  free space=1020k
Native frames: (J=compiled Java code, j=interpreted, Vv=VM code, C=native code)
C  [OpenAL64.dll+0x11066]
C  [OpenAL64.dll+0x1248f]
C  0x00000000030c7f74

Java frames: (J=compiled Java code, j=interpreted, Vv=VM code)
j  org.lwjgl.openal.ALC10.nalcCreateContext(JJ)J+0
j  org.lwjgl.openal.ALC10.alcCreateContext(Lorg/lwjgl/openal/ALCdevice;Ljava/nio/IntBuffer;)Lorg/lwjgl/openal/ALCcontext;+8
j  org.lwjgl.openal.AL.init(Ljava/lang/String;IIZZ)V+69
j  org.lwjgl.openal.AL.create(Ljava/lang/String;IIZZ)V+246
j  org.lwjgl.openal.AL.create(Ljava/lang/String;IIZ)V+5
j  org.lwjgl.openal.AL.create()V+6
j  paulscode.sound.libraries.LibraryLWJGLOpenAL.init()V+2
j  paulscode.sound.SoundSystem.CommandNewLibrary(Ljava/lang/Class;)V+273
j  paulscode.sound.SoundSystem.CommandQueue(Lpaulscode/sound/CommandObject;)Z+1206
j  paulscode.sound.CommandThread.run()V+51
v  ~StubRoutines::call_stub

---------------  P R O C E S S  ---------------

Java Threads: ( => current thread )
  0x000000001ba94800 JavaThread "Thread-13" [_thread_blocked, id=11408, stack(0x00000000363b0000,0x00000000364b0000)]
=>0x000000001ba96000 JavaThread "Thread-12" [_thread_in_native, id=4572, stack(0x00000000362b0000,0x00000000363b0000)]
  0x000000001ba99000 JavaThread "Sound Library Loader" [_thread_blocked, id=9944, stack(0x0000000033a40000,0x0000000033b40000)]
  0x000000001ba96800 JavaThread "AWT-Windows" daemon [_thread_in_native, id=6696, stack(0x00000000335e0000,0x00000000336e0000)]
  0x000000001b06e800 JavaThread "LWJGL Timer" daemon [_thread_blocked, id=6292, stack(0x0000000026000000,0x0000000026100000)]
  0x000000001d93e800 JavaThread "Thread-6" [_thread_blocked, id=3624, stack(0x0000000025600000,0x0000000025700000)]
  0x0000000018ecf000 JavaThread "Java2D Disposer" daemon [_thread_blocked, id=672, stack(0x000000001c4d0000,0x000000001c5d0000)]
  0x0000000018d43800 JavaThread "Timer hack thread" daemon [_thread_blocked, id=10188, stack(0x000000001c3d0000,0x000000001c4d0000)]
  0x000000001cc6e800 JavaThread "Snooper Timer" daemon [_thread_blocked, id=10720, stack(0x0000000019a70000,0x0000000019b70000)]
  0x0000000016cf8800 JavaThread "Service Thread" daemon [_thread_blocked, id=11388, stack(0x0000000017830000,0x0000000017930000)]
  0x0000000016c81000 JavaThread "C1 CompilerThread2" daemon [_thread_blocked, id=8604, stack(0x0000000017730000,0x0000000017830000)]
  0x0000000016c7d000 JavaThread "C2 CompilerThread1" daemon [_thread_in_native, id=2972, stack(0x0000000017630000,0x0000000017730000)]
  0x0000000016c7c000 JavaThread "C2 CompilerThread0" daemon [_thread_blocked, id=10908, stack(0x0000000017530000,0x0000000017630000)]
  0x0000000016c75800 JavaThread "Attach Listener" daemon [_thread_blocked, id=7256, stack(0x0000000017430000,0x0000000017530000)]
  0x0000000016c74800 JavaThread "Signal Dispatcher" daemon [_thread_blocked, id=7012, stack(0x0000000017330000,0x0000000017430000)]
  0x0000000016c73800 JavaThread "Surrogate Locker Thread (Concurrent GC)" daemon [_thread_blocked, id=4280, stack(0x0000000017230000,0x0000000017330000)]
  0x0000000016236800 JavaThread "Finalizer" daemon [_thread_blocked, id=10336, stack(0x0000000017040000,0x0000000017140000)]
  0x000000001622f000 JavaThread "Reference Handler" daemon [_thread_blocked, id=11688, stack(0x0000000016b40000,0x0000000016c40000)]
  0x0000000002fb5800 JavaThread "Client thread" [_thread_in_native, id=9512, stack(0x0000000002eb0000,0x0000000002fb0000)]

Other Threads:
  0x0000000016223000 VMThread [stack: 0x0000000016a40000,0x0000000016b40000] [id=11716]
  0x0000000016d1f800 WatcherThread [stack: 0x0000000017930000,0x0000000017a30000] [id=10204]

VM state:not at safepoint (normal execution)

VM Mutex/Monitor currently owned by a thread: None

Heap:
 par new generation   total 306688K, used 202885K [0x00000000c0000000, 0x00000000d4cc0000, 0x00000000d4cc0000)
  eden space 272640K,  62% used [0x00000000c0000000, 0x00000000ca755a70, 0x00000000d0a40000)
  from space 34048K,  92% used [0x00000000d2b80000, 0x00000000d4a4ba90, 0x00000000d4cc0000)
  to   space 34048K,   0% used [0x00000000d0a40000, 0x00000000d0a40000, 0x00000000d2b80000)
 concurrent mark-sweep generation total 707840K, used 201651K [0x00000000d4cc0000, 0x0000000100000000, 0x0000000100000000)
 Metaspace       used 39916K, capacity 40289K, committed 40704K, reserved 1085440K
  class space    used 5104K, capacity 5251K, committed 5376K, reserved 1048576K

Card table byte_map: [0x0000000012870000,0x0000000012a80000] byte_map_base: 0x0000000012270000

Marking Bits: (CMSBitMap*) 0x000000000300f708
 Bits: [0x0000000013030000, 0x0000000013afd000)

Mod Union Table: (CMSBitMap*) 0x000000000300f7c8
 Bits: [0x0000000002d10000, 0x0000000002d3b340)

Polling page: 0x0000000002ce0000

CodeCache: size=245760Kb used=18029Kb max_used=18036Kb free=227730Kb
 bounds [0x00000000030b0000, 0x0000000004270000, 0x00000000120b0000]
 total_blobs=6018 nmethods=5189 adapters=740
 compilation: enabled

Compilation events (10 events):
Event: 26.326 Thread 0x0000000016c7c000 6914   !   4       sun.net.www.protocol.jar.JarURLConnection::connect (147 bytes)
Event: 26.336 Thread 0x0000000016c7c000 nmethod 6914 0x0000000004263e90 code [0x0000000004264060, 0x0000000004264a50]
Event: 26.344 Thread 0x0000000016c7c000 6915       4       net.minecraft.client.renderer.block.model.ModelBlock::getOverrideLocations (49 bytes)
Event: 26.348 Thread 0x0000000016c7c000 nmethod 6915 0x0000000004245390 code [0x0000000004245520, 0x0000000004245878]
Event: 26.348 Thread 0x0000000016c7c000 6916       4       java.lang.Integer::numberOfLeadingZeros (76 bytes)
Event: 26.348 Thread 0x0000000016c7c000 nmethod 6916 0x000000000399cad0 code [0x000000000399cc00, 0x000000000399cc98]
Event: 26.374 Thread 0x0000000016c81000 6917       1       java.lang.Throwable::getMessage (5 bytes)
Event: 26.374 Thread 0x0000000016c81000 nmethod 6917 0x00000000042450d0 code [0x0000000004245220, 0x0000000004245330]
Event: 26.374 Thread 0x0000000016c81000 6918   !   3       java.lang.ClassLoader::findNative (86 bytes)
Event: 26.375 Thread 0x0000000016c81000 nmethod 6918 0x0000000004263090 code [0x0000000004263240, 0x0000000004263af8]

GC Heap History (10 events):
Event: 18.442 GC heap before
{Heap before GC invocations=11 (full 4):
 par new generation   total 306688K, used 289761K [0x00000000c0000000, 0x00000000d4cc0000, 0x00000000d4cc0000)
  eden space 272640K, 100% used [0x00000000c0000000, 0x00000000d0a40000, 0x00000000d0a40000)
  from space 34048K,  50% used [0x00000000d0a40000, 0x00000000d1af85b8, 0x00000000d2b80000)
  to   space 34048K,   0% used [0x00000000d2b80000, 0x00000000d2b80000, 0x00000000d4cc0000)
 concurrent mark-sweep generation total 707840K, used 141731K [0x00000000d4cc0000, 0x0000000100000000, 0x0000000100000000)
 Metaspace       used 34427K, capacity 34679K, committed 35072K, reserved 1079296K
  class space    used 4418K, capacity 4538K, committed 4608K, reserved 1048576K
Event: 18.453 GC heap after
Heap after GC invocations=12 (full 4):
 par new generation   total 306688K, used 23864K [0x00000000c0000000, 0x00000000d4cc0000, 0x00000000d4cc0000)
  eden space 272640K,   0% used [0x00000000c0000000, 0x00000000c0000000, 0x00000000d0a40000)
  from space 34048K,  70% used [0x00000000d2b80000, 0x00000000d42ce370, 0x00000000d4cc0000)
  to   space 34048K,   0% used [0x00000000d0a40000, 0x00000000d0a40000, 0x00000000d2b80000)
 concurrent mark-sweep generation total 707840K, used 141731K [0x00000000d4cc0000, 0x0000000100000000, 0x0000000100000000)
 Metaspace       used 34427K, capacity 34679K, committed 35072K, reserved 1079296K
  class space    used 4418K, capacity 4538K, committed 4608K, reserved 1048576K
}
Event: 19.090 GC heap before
{Heap before GC invocations=12 (full 5):
 par new generation   total 306688K, used 296504K [0x00000000c0000000, 0x00000000d4cc0000, 0x00000000d4cc0000)
  eden space 272640K, 100% used [0x00000000c0000000, 0x00000000d0a40000, 0x00000000d0a40000)
  from space 34048K,  70% used [0x00000000d2b80000, 0x00000000d42ce370, 0x00000000d4cc0000)
  to   space 34048K,   0% used [0x00000000d0a40000, 0x00000000d0a40000, 0x00000000d2b80000)
 concurrent mark-sweep generation total 707840K, used 141731K [0x00000000d4cc0000, 0x0000000100000000, 0x0000000100000000)
 Metaspace       used 34921K, capacity 35255K, committed 35584K, reserved 1081344K
  class space    used 4477K, capacity 4602K, committed 4608K, reserved 1048576K
Event: 19.125 GC heap after
Heap after GC invocations=13 (full 5):
 par new generation   total 306688K, used 34048K [0x00000000c0000000, 0x00000000d4cc0000, 0x00000000d4cc0000)
  eden space 272640K,   0% used [0x00000000c0000000, 0x00000000c0000000, 0x00000000d0a40000)
  from space 34048K, 100% used [0x00000000d0a40000, 0x00000000d2b80000, 0x00000000d2b80000)
  to   space 34048K,   0% used [0x00000000d2b80000, 0x00000000d2b80000, 0x00000000d4cc0000)
 concurrent mark-sweep generation total 707840K, used 152875K [0x00000000d4cc0000, 0x0000000100000000, 0x0000000100000000)
 Metaspace       used 34921K, capacity 35255K, committed 35584K, reserved 1081344K
  class space    used 4477K, capacity 4602K, committed 4608K, reserved 1048576K
}
Event: 19.578 GC heap before
{Heap before GC invocations=13 (full 5):
 par new generation   total 306688K, used 306688K [0x00000000c0000000, 0x00000000d4cc0000, 0x00000000d4cc0000)
  eden space 272640K, 100% used [0x00000000c0000000, 0x00000000d0a40000, 0x00000000d0a40000)
  from space 34048K, 100% used [0x00000000d0a40000, 0x00000000d2b80000, 0x00000000d2b80000)
  to   space 34048K,   0% used [0x00000000d2b80000, 0x00000000d2b80000, 0x00000000d4cc0000)
 concurrent mark-sweep generation total 707840K, used 152875K [0x00000000d4cc0000, 0x0000000100000000, 0x0000000100000000)
 Metaspace       used 35239K, capacity 35453K, committed 35840K, reserved 1081344K
  class space    used 4514K, capacity 4603K, committed 4608K, reserved 1048576K
Event: 19.633 GC heap after
Heap after GC invocations=14 (full 5):
 par new generation   total 306688K, used 34048K [0x00000000c0000000, 0x00000000d4cc0000, 0x00000000d4cc0000)
  eden space 272640K,   0% used [0x00000000c0000000, 0x00000000c0000000, 0x00000000d0a40000)
  from space 34048K, 100% used [0x00000000d2b80000, 0x00000000d4cc0000, 0x00000000d4cc0000)
  to   space 34048K,   0% used [0x00000000d0a40000, 0x00000000d0a40000, 0x00000000d2b80000)
 concurrent mark-sweep generation total 707840K, used 187067K [0x00000000d4cc0000, 0x0000000100000000, 0x0000000100000000)
 Metaspace       used 35239K, capacity 35453K, committed 35840K, reserved 1081344K
  class space    used 4514K, capacity 4603K, committed 4608K, reserved 1048576K
}
Event: 21.250 GC heap before
{Heap before GC invocations=14 (full 5):
 par new generation   total 306688K, used 306688K [0x00000000c0000000, 0x00000000d4cc0000, 0x00000000d4cc0000)
  eden space 272640K, 100% used [0x00000000c0000000, 0x00000000d0a40000, 0x00000000d0a40000)
  from space 34048K, 100% used [0x00000000d2b80000, 0x00000000d4cc0000, 0x00000000d4cc0000)
  to   space 34048K,   0% used [0x00000000d0a40000, 0x00000000d0a40000, 0x00000000d2b80000)
 concurrent mark-sweep generation total 707840K, used 171843K [0x00000000d4cc0000, 0x0000000100000000, 0x0000000100000000)
 Metaspace       used 38678K, capacity 39073K, committed 39552K, reserved 1083392K
  class space    used 4969K, capacity 5123K, committed 5248K, reserved 1048576K
Event: 21.282 GC heap after
Heap after GC invocations=15 (full 5):
 par new generation   total 306688K, used 31980K [0x00000000c0000000, 0x00000000d4cc0000, 0x00000000d4cc0000)
  eden space 272640K,   0% used [0x00000000c0000000, 0x00000000c0000000, 0x00000000d0a40000)
  from space 34048K,  93% used [0x00000000d0a40000, 0x00000000d297b100, 0x00000000d2b80000)
  to   space 34048K,   0% used [0x00000000d2b80000, 0x00000000d2b80000, 0x00000000d4cc0000)
 concurrent mark-sweep generation total 707840K, used 201651K [0x00000000d4cc0000, 0x0000000100000000, 0x0000000100000000)
 Metaspace       used 38678K, capacity 39073K, committed 39552K, reserved 1083392K
  class space    used 4969K, capacity 5123K, committed 5248K, reserved 1048576K
}
Event: 24.097 GC heap before
{Heap before GC invocations=15 (full 5):
 par new generation   total 306688K, used 304620K [0x00000000c0000000, 0x00000000d4cc0000, 0x00000000d4cc0000)
  eden space 272640K, 100% used [0x00000000c0000000, 0x00000000d0a40000, 0x00000000d0a40000)
  from space 34048K,  93% used [0x00000000d0a40000, 0x00000000d297b100, 0x00000000d2b80000)
  to   space 34048K,   0% used [0x00000000d2b80000, 0x00000000d2b80000, 0x00000000d4cc0000)
 concurrent mark-sweep generation total 707840K, used 201651K [0x00000000d4cc0000, 0x0000000100000000, 0x0000000100000000)
 Metaspace       used 39911K, capacity 40289K, committed 40704K, reserved 1085440K
  class space    used 5104K, capacity 5251K, committed 5376K, reserved 1048576K
Event: 24.107 GC heap after
Heap after GC invocations=16 (full 5):
 par new generation   total 306688K, used 31534K [0x00000000c0000000, 0x00000000d4cc0000, 0x00000000d4cc0000)
  eden space 272640K,   0% used [0x00000000c0000000, 0x00000000c0000000, 0x00000000d0a40000)
  from space 34048K,  92% used [0x00000000d2b80000, 0x00000000d4a4ba90, 0x00000000d4cc0000)
  to   space 34048K,   0% used [0x00000000d0a40000, 0x00000000d0a40000, 0x00000000d2b80000)
 concurrent mark-sweep generation total 707840K, used 201651K [0x00000000d4cc0000, 0x0000000100000000, 0x0000000100000000)
 Metaspace       used 39911K, capacity 40289K, committed 40704K, reserved 1085440K
  class space    used 5104K, capacity 5251K, committed 5376K, reserved 1048576K
}

Deoptimization events (10 events):
Event: 23.669 Thread 0x0000000002fb5800 Uncommon trap: reason=null_check action=maybe_recompile pc=0x00000000039bd19c method=net.minecraft.launchwrapper.LaunchClassLoader.findClass(Ljava/lang/String;)Ljava/lang/Class; @ 610
Event: 23.705 Thread 0x0000000002fb5800 Uncommon trap: reason=class_check action=maybe_recompile pc=0x00000000040feac0 method=java.util.Collections$UnmodifiableMap.size()I @ 4
Event: 23.705 Thread 0x0000000002fb5800 Uncommon trap: reason=class_check action=maybe_recompile pc=0x00000000040feac0 method=java.util.Collections$UnmodifiableMap.size()I @ 4
Event: 23.707 Thread 0x0000000002fb5800 Uncommon trap: reason=unstable_if action=reinterpret pc=0x0000000004155070 method=net.minecraft.util.IntIdentityHashBiMap.getIndex(Ljava/lang/Object;I)I @ 8
Event: 23.793 Thread 0x0000000002fb5800 Uncommon trap: reason=class_check action=maybe_recompile pc=0x0000000003efcd94 method=com.google.gson.internal.$Gson$Types.canonicalize(Ljava/lang/reflect/Type;)Ljava/lang/reflect/Type; @ 1
Event: 23.793 Thread 0x0000000002fb5800 Uncommon trap: reason=class_check action=maybe_recompile pc=0x00000000034b1eb8 method=com.google.gson.internal.$Gson$Types.getRawType(Ljava/lang/reflect/Type;)Ljava/lang/Class; @ 1
Event: 23.793 Thread 0x0000000002fb5800 Uncommon trap: reason=class_check action=maybe_recompile pc=0x0000000003ef31b0 method=com.google.gson.internal.$Gson$Types.equals(Ljava/lang/reflect/Type;Ljava/lang/reflect/Type;)Z @ 8
Event: 26.186 Thread 0x0000000002fb5800 Uncommon trap: reason=unstable_if action=reinterpret pc=0x00000000035a9358 method=net.minecraftforge.client.model.ModelLoader.getMissingModel()Lnet/minecraftforge/client/model/IModel; @ 4
Event: 26.197 Thread 0x0000000002fb5800 Uncommon trap: reason=class_check action=maybe_recompile pc=0x0000000003cfdeb0 method=net.minecraftforge.client.model.ModelLoader$WeightedRandomModel.<init>(Lnet/minecraft/util/ResourceLocation;Lnet/minecraft/client/renderer/block/model/VariantList;)V @ 7
Event: 26.198 Thread 0x0000000002fb5800 Uncommon trap: reason=class_check action=maybe_recompile pc=0x0000000003cfdeb0 method=net.minecraftforge.client.model.ModelLoader$WeightedRandomModel.<init>(Lnet/minecraft/util/ResourceLocation;Lnet/minecraft/client/renderer/block/model/VariantList;)V @ 7

Internal exceptions (10 events):
Event: 26.374 Thread 0x000000001ba96000 Exception <a 'org/lwjgl/LWJGLException'> (0x00000000ca6149b8) thrown at [C:\re\workspace\8-2-build-windows-amd64-cygwin\jdk8u112\7884\hotspot\src\share\vm\prims\jni.cpp, line 709]
Event: 26.374 Thread 0x000000001ba96000 Exception <a 'org/lwjgl/LWJGLException'> (0x00000000ca614fe8) thrown at [C:\re\workspace\8-2-build-windows-amd64-cygwin\jdk8u112\7884\hotspot\src\share\vm\prims\jni.cpp, line 709]
Event: 26.374 Thread 0x000000001ba96000 Exception <a 'org/lwjgl/LWJGLException'> (0x00000000ca615570) thrown at [C:\re\workspace\8-2-build-windows-amd64-cygwin\jdk8u112\7884\hotspot\src\share\vm\prims\jni.cpp, line 709]
Event: 26.374 Thread 0x000000001ba96000 Exception <a 'org/lwjgl/LWJGLException'> (0x00000000ca615b28) thrown at [C:\re\workspace\8-2-build-windows-amd64-cygwin\jdk8u112\7884\hotspot\src\share\vm\prims\jni.cpp, line 709]
Event: 26.374 Thread 0x000000001ba96000 Exception <a 'org/lwjgl/LWJGLException'> (0x00000000ca6160e8) thrown at [C:\re\workspace\8-2-build-windows-amd64-cygwin\jdk8u112\7884\hotspot\src\share\vm\prims\jni.cpp, line 709]
Event: 26.374 Thread 0x000000001ba96000 Exception <a 'org/lwjgl/LWJGLException'> (0x00000000ca616710) thrown at [C:\re\workspace\8-2-build-windows-amd64-cygwin\jdk8u112\7884\hotspot\src\share\vm\prims\jni.cpp, line 709]
Event: 26.374 Thread 0x0000000002fb5800 Exception <a 'java/lang/NullPointerException'> (0x00000000ca2f91a8) thrown at [C:\re\workspace\8-2-build-windows-amd64-cygwin\jdk8u112\7884\hotspot\src\share\vm\runtime\sharedRuntime.cpp, line 1085]
Event: 26.374 Thread 0x000000001ba96000 Exception <a 'org/lwjgl/LWJGLException'> (0x00000000ca616d38) thrown at [C:\re\workspace\8-2-build-windows-amd64-cygwin\jdk8u112\7884\hotspot\src\share\vm\prims\jni.cpp, line 709]
Event: 26.375 Thread 0x0000000002fb5800 Exception <a 'java/lang/NullPointerException'> (0x00000000ca303ad8) thrown at [C:\re\workspace\8-2-build-windows-amd64-cygwin\jdk8u112\7884\hotspot\src\share\vm\runtime\sharedRuntime.cpp, line 1085]
Event: 26.376 Thread 0x0000000002fb5800 Exception <a 'java/lang/NullPointerException'> (0x00000000ca31ca30) thrown at [C:\re\workspace\8-2-build-windows-amd64-cygwin\jdk8u112\7884\hotspot\src\share\vm\runtime\sharedRuntime.cpp, line 1085]

Events (10 events):
Event: 26.186 Thread 0x0000000002fb5800 DEOPT UNPACKING pc=0x00000000030f582a sp=0x0000000002fad5f8 mode 2
Event: 26.197 Thread 0x0000000002fb5800 Uncommon trap: trap_request=0xffffffde fr.pc=0x0000000003cfdeb0
Event: 26.197 Thread 0x0000000002fb5800 DEOPT PACKING pc=0x0000000003cfdeb0 sp=0x0000000002fad950
Event: 26.197 Thread 0x0000000002fb5800 DEOPT UNPACKING pc=0x00000000030f582a sp=0x0000000002fad988 mode 2
Event: 26.198 Thread 0x0000000002fb5800 Uncommon trap: trap_request=0xffffffde fr.pc=0x0000000003cfdeb0
Event: 26.198 Thread 0x0000000002fb5800 DEOPT PACKING pc=0x0000000003cfdeb0 sp=0x0000000002fad950
Event: 26.198 Thread 0x0000000002fb5800 DEOPT UNPACKING pc=0x00000000030f582a sp=0x0000000002fad988 mode 2
Event: 26.372 Executing VM operation: RevokeBias
Event: 26.372 Executing VM operation: RevokeBias done
Event: 26.372 Thread 0x000000001ba94800 Thread added: 0x000000001ba94800


Dynamic libraries:
0x00007ff633dd0000 - 0x00007ff633e07000 	C:\Program Files\Java\jre1.8.0_112\bin\javaw.exe
0x00007ff9fba80000 - 0x00007ff9fbc51000 	C:\WINDOWS\SYSTEM32\ntdll.dll
0x00007ff9f9ce0000 - 0x00007ff9f9d8b000 	C:\WINDOWS\System32\KERNEL32.DLL
0x00007ff9f8210000 - 0x00007ff9f842d000 	C:\WINDOWS\System32\KERNELBASE.dll
0x00007ff9f91a0000 - 0x00007ff9f9242000 	C:\WINDOWS\System32\ADVAPI32.dll
0x00007ff9f9f80000 - 0x00007ff9fa01e000 	C:\WINDOWS\System32\msvcrt.dll
0x00007ff9f92c0000 - 0x00007ff9f9319000 	C:\WINDOWS\System32\sechost.dll
0x00007ff9f9070000 - 0x00007ff9f9191000 	C:\WINDOWS\System32\RPCRT4.dll
0x00007ff9fa100000 - 0x00007ff9fa265000 	C:\WINDOWS\System32\USER32.dll
0x00007ff9f8f80000 - 0x00007ff9f8f9e000 	C:\WINDOWS\System32\win32u.dll
0x00007ff9fba40000 - 0x00007ff9fba74000 	C:\WINDOWS\System32\GDI32.dll
0x00007ff9f8080000 - 0x00007ff9f8202000 	C:\WINDOWS\System32\gdi32full.dll
0x00007ff9e9860000 - 0x00007ff9e9ad9000 	C:\WINDOWS\WinSxS\amd64_microsoft.windows.common-controls_6595b64144ccf1df_6.0.14393.447_none_42191651c6827bb3\COMCTL32.dll
0x00007ff9f9460000 - 0x00007ff9f9728000 	C:\WINDOWS\System32\combase.dll
0x00007ff9f8dd0000 - 0x00007ff9f8ec5000 	C:\WINDOWS\System32\ucrtbase.dll
0x00007ff9f8fa0000 - 0x00007ff9f900a000 	C:\WINDOWS\System32\bcryptPrimitives.dll
0x00007ff9f9d90000 - 0x00007ff9f9dbe000 	C:\WINDOWS\System32\IMM32.DLL
0x0000000064180000 - 0x0000000064252000 	C:\Program Files\Java\jre1.8.0_112\bin\msvcr100.dll
0x0000000062d80000 - 0x000000006361a000 	C:\Program Files\Java\jre1.8.0_112\bin\server\jvm.dll
0x00007ff9f9cd0000 - 0x00007ff9f9cd8000 	C:\WINDOWS\System32\PSAPI.DLL
0x00007ff9ec300000 - 0x00007ff9ec309000 	C:\WINDOWS\SYSTEM32\WSOCK32.dll
0x00007ff9f61e0000 - 0x00007ff9f6203000 	C:\WINDOWS\SYSTEM32\WINMM.dll
0x00007ff9f2a70000 - 0x00007ff9f2a7a000 	C:\WINDOWS\SYSTEM32\VERSION.dll
0x00007ff9f9250000 - 0x00007ff9f92ba000 	C:\WINDOWS\System32\WS2_32.dll
0x0000000002c90000 - 0x0000000002cbb000 	C:\WINDOWS\SYSTEM32\WINMMBASE.dll
0x00007ff9f8b10000 - 0x00007ff9f8b52000 	C:\WINDOWS\System32\cfgmgr32.dll
0x0000000064320000 - 0x000000006432f000 	C:\Program Files\Java\jre1.8.0_112\bin\verify.dll
0x00000000642f0000 - 0x0000000064319000 	C:\Program Files\Java\jre1.8.0_112\bin\java.dll
0x00000000642d0000 - 0x00000000642e6000 	C:\Program Files\Java\jre1.8.0_112\bin\zip.dll
0x00007ff9fa370000 - 0x00007ff9fb879000 	C:\WINDOWS\System32\SHELL32.dll
0x00007ff9f8430000 - 0x00007ff9f8b0a000 	C:\WINDOWS\System32\windows.storage.dll
0x00007ff9f7ef0000 - 0x00007ff9f7f3c000 	C:\WINDOWS\System32\powrprof.dll
0x00007ff9fa270000 - 0x00007ff9fa2c2000 	C:\WINDOWS\System32\shlwapi.dll
0x00007ff9f7ee0000 - 0x00007ff9f7eef000 	C:\WINDOWS\System32\kernel.appcore.dll
0x00007ff9f7fd0000 - 0x00007ff9f8079000 	C:\WINDOWS\System32\shcore.dll
0x00007ff9f7f40000 - 0x00007ff9f7f54000 	C:\WINDOWS\System32\profapi.dll
0x0000000064170000 - 0x000000006417d000 	C:\Program Files\Java\jre1.8.0_112\bin\management.dll
0x00000000642b0000 - 0x00000000642ca000 	C:\Program Files\Java\jre1.8.0_112\bin\net.dll
0x00007ff9f7390000 - 0x00007ff9f73ec000 	C:\WINDOWS\system32\mswsock.dll
0x0000000064290000 - 0x00000000642a1000 	C:\Program Files\Java\jre1.8.0_112\bin\nio.dll
0x00007ff9f79b0000 - 0x00007ff9f79c7000 	C:\WINDOWS\SYSTEM32\CRYPTSP.dll
0x00007ff9f75d0000 - 0x00007ff9f7603000 	C:\WINDOWS\system32\rsaenh.dll
0x00007ff9f7ac0000 - 0x00007ff9f7aeb000 	C:\WINDOWS\SYSTEM32\bcrypt.dll
0x00007ff9f7810000 - 0x00007ff9f782f000 	C:\WINDOWS\SYSTEM32\USERENV.dll
0x00007ff9f79d0000 - 0x00007ff9f79db000 	C:\WINDOWS\SYSTEM32\CRYPTBASE.dll
0x00007ff9f7720000 - 0x00007ff9f7758000 	C:\WINDOWS\SYSTEM32\IPHLPAPI.DLL
0x00007ff9fa030000 - 0x00007ff9fa038000 	C:\WINDOWS\System32\NSI.dll
0x00007ff9f4d90000 - 0x00007ff9f4da6000 	C:\WINDOWS\SYSTEM32\dhcpcsvc6.DLL
0x00007ff9f4d70000 - 0x00007ff9f4d8a000 	C:\WINDOWS\SYSTEM32\dhcpcsvc.DLL
0x00007ff9f07d0000 - 0x00007ff9f07da000 	C:\Users\shane\AppData\Local\Temp\jansi-64-6783902270803814324.dll
0x00007ff9e70b0000 - 0x00007ff9e70c6000 	C:\WINDOWS\system32\napinsp.dll
0x00007ff9e7000000 - 0x00007ff9e701a000 	C:\WINDOWS\system32\pnrpnsp.dll
0x00007ff9f6020000 - 0x00007ff9f6038000 	C:\WINDOWS\system32\NLAapi.dll
0x00007ff9f7760000 - 0x00007ff9f7800000 	C:\WINDOWS\SYSTEM32\DNSAPI.dll
0x00007ff9e6ff0000 - 0x00007ff9e6ffe000 	C:\WINDOWS\System32\winrnr.dll
0x00007ff9f2220000 - 0x00007ff9f222a000 	C:\Windows\System32\rasadhlp.dll
0x00007ff9f2310000 - 0x00007ff9f237a000 	C:\WINDOWS\System32\fwpuclnt.dll
0x0000000180000000 - 0x0000000180053000 	C:\Users\shane\.gradle\caches\minecraft\net\minecraft\natives\1.10.2\lwjgl64.dll
0x00007ff9d50d0000 - 0x00007ff9d51f3000 	C:\WINDOWS\SYSTEM32\OPENGL32.dll
0x00007ff9efae0000 - 0x00007ff9efb0d000 	C:\WINDOWS\SYSTEM32\GLU32.dll
0x00007ff9d4fd0000 - 0x00007ff9d50c7000 	C:\WINDOWS\SYSTEM32\DDRAW.dll
0x00007ff9f07c0000 - 0x00007ff9f07c8000 	C:\WINDOWS\SYSTEM32\DCIMAN32.dll
0x0000000063fd0000 - 0x0000000064168000 	C:\Program Files\Java\jre1.8.0_112\bin\awt.dll
0x00007ff9fa040000 - 0x00007ff9fa0ff000 	C:\WINDOWS\System32\OLEAUT32.dll
0x00007ff9f8b60000 - 0x00007ff9f8bfc000 	C:\WINDOWS\System32\msvcp_win.dll
0x00007ff9f6410000 - 0x00007ff9f648a000 	C:\WINDOWS\SYSTEM32\apphelp.dll
0x00007ff9f65c0000 - 0x00007ff9f6655000 	C:\WINDOWS\system32\uxtheme.dll
0x00007ff9f9dc0000 - 0x00007ff9f9f1b000 	C:\WINDOWS\System32\MSCTF.dll
0x00007ff9f5a10000 - 0x00007ff9f5a36000 	C:\WINDOWS\system32\dwmapi.dll
0x0000000060c30000 - 0x0000000062d80000 	C:\WINDOWS\SYSTEM32\nvoglv64.DLL
0x00007ff9f97a0000 - 0x00007ff9f9bc9000 	C:\WINDOWS\System32\SETUPAPI.dll
0x00007ff9f5510000 - 0x00007ff9f5523000 	C:\WINDOWS\SYSTEM32\WTSAPI32.dll
0x00007ff9f6a60000 - 0x00007ff9f6a88000 	C:\WINDOWS\SYSTEM32\DEVOBJ.dll
0x00007ff9f7f70000 - 0x00007ff9f7fc5000 	C:\WINDOWS\System32\WINTRUST.dll
0x00007ff9f7f60000 - 0x00007ff9f7f70000 	C:\WINDOWS\System32\MSASN1.dll
0x00007ff9f8c00000 - 0x00007ff9f8dc9000 	C:\WINDOWS\System32\CRYPT32.dll
0x00007ff9f72f0000 - 0x00007ff9f7322000 	C:\WINDOWS\SYSTEM32\ntmarta.dll
0x00007ff9e9b60000 - 0x00007ff9e9bf1000 	C:\WINDOWS\SYSTEM32\mscms.dll
0x00007ff9d5bc0000 - 0x00007ff9d5c02000 	C:\WINDOWS\SYSTEM32\icm32.dll
0x00007ff9f7050000 - 0x00007ff9f70a6000 	C:\WINDOWS\SYSTEM32\WINSTA.dll
0x000000001e720000 - 0x000000001e758000 	C:\Users\shane\AppData\Local\Temp\jna\jna2594129140207145974.dll
0x000000001ec00000 - 0x000000001ec64000 	C:\Users\shane\.gradle\caches\minecraft\net\minecraft\natives\1.10.2\OpenAL64.dll
0x00007ff9f9320000 - 0x00007ff9f9457000 	C:\WINDOWS\System32\ole32.dll
0x00007ff9fa2d0000 - 0x00007ff9fa36f000 	C:\WINDOWS\System32\clbcatq.dll
0x00007ff9f2730000 - 0x00007ff9f27a1000 	C:\WINDOWS\System32\MMDevApi.dll
0x00007ff9f5630000 - 0x00007ff9f57b5000 	C:\WINDOWS\System32\PROPSYS.dll
0x00007ff9d5dd0000 - 0x00007ff9d5e6b000 	C:\WINDOWS\SYSTEM32\dsound.dll
0x00007ff9d7c90000 - 0x00007ff9d7d24000 	C:\WINDOWS\SYSTEM32\AUDIOSES.DLL
0x00007ff9f4560000 - 0x00007ff9f4696000 	C:\WINDOWS\SYSTEM32\wintypes.dll
0x0000000063f70000 - 0x0000000063fb7000 	C:\Program Files\Java\jre1.8.0_112\bin\fontmanager.dll
0x00007ff9d6520000 - 0x00007ff9d66ad000 	C:\WINDOWS\system32\d3d9.dll
0x00007ff9b5610000 - 0x00007ff9b66cc000 	C:\WINDOWS\System32\DriverStore\FileRepository\nv_dispi.inf_amd64_3f929cc119e3b994\nvd3dumx.dll
0x00007ff9e7780000 - 0x00007ff9e794c000 	C:\WINDOWS\system32\nvspcap64.dll
0x00007ff9f1d20000 - 0x00007ff9f1ded000 	C:\WINDOWS\SYSTEM32\WINHTTP.dll
0x00007ff9f1e10000 - 0x00007ff9f220b000 	C:\WINDOWS\system32\nvapi64.dll
0x00007ff9f6e70000 - 0x00007ff9f6f0f000 	C:\WINDOWS\SYSTEM32\dxgi.dll
0x00007ff9f2380000 - 0x00007ff9f2466000 	C:\Program Files (x86)\NVIDIA Corporation\3D Vision\nvSCPAPI64.dll
0x0000000063f20000 - 0x0000000063f62000 	C:\Program Files\Java\jre1.8.0_112\bin\t2k.dll
0x00007ff9ecc70000 - 0x00007ff9ece02000 	C:\WINDOWS\SYSTEM32\dbghelp.dll

VM Arguments:
jvm_args: -Xincgc -Xmx1024M -Xms1024M -Dfile.encoding=Cp1252 
java_command: GradleStart
java_class_path (initial): C:\Users\shane\Desktop\Mod Dev\bin;C:\Users\shane\.gradle\caches\minecraft\net\minecraftforge\forge\1.10.2-12.18.3.2185\snapshot\20161111\forgeSrc-1.10.2-12.18.3.2185.jar;C:\Users\shane\.gradle\caches\modules-2\files-2.1\com.google.code.findbugs\jsr305\3.0.1\f7be08ec23c21485b9b5a1cf1654c2ec8c58168d\jsr305-3.0.1.jar;C:\Users\shane\.gradle\caches\modules-2\files-2.1\com.mojang\netty\1.6\4b75825a06139752bd800d9e29c5fd55b8b1b1e4\netty-1.6.jar;C:\Users\shane\.gradle\caches\modules-2\files-2.1\oshi-project\oshi-core\1.1\9ddf7b048a8d701be231c0f4f95fd986198fd2d8\oshi-core-1.1.jar;C:\Users\shane\.gradle\caches\modules-2\files-2.1\net.java.dev.jna\jna\3.4.0\803ff252fedbd395baffd43b37341dc4a150a554\jna-3.4.0.jar;C:\Users\shane\.gradle\caches\modules-2\files-2.1\net.java.dev.jna\platform\3.4.0\e3f70017be8100d3d6923f50b3d2ee17714e9c13\platform-3.4.0.jar;C:\Users\shane\.gradle\caches\modules-2\files-2.1\com.ibm.icu\icu4j-core-mojang\51.2\63d216a9311cca6be337c1e458e587f99d382b84\icu4j-core-mojang-51.2.jar;C:\Users\shane\.gradle\caches\modules-2\files-2.1\net.sf.jopt-simple\jopt-simple\4.6\306816fb57cf94f108a43c95731b08934dcae15c\jopt-simple-4.6.jar;C:\Users\shane\.gradle\caches\modules-2\files-2.1\io.netty\netty-all\4.0.23.Final\294104aaf1781d6a56a07d561e792c5d0c95f45\netty-all-4.0.23.Final.jar;C:\Users\shane\.gradle\caches\modules-2\files-2.1\com.google.guava\guava\17.0\9c6ef172e8de35fd8d4d8783e4821e57cdef7445\guava-17.0.jar;C:\Users\shane\.gradle\caches\modules-2\files-2.1\org.apache.commons\commons-lang3\3.3.2\90a3822c38ec8c996e84c16a3477ef632cbc87a3\commons-lang3-3.3.2.jar;C:\Users\shane\.gradle\caches\modules-2\files-2.1\commons-io\commons-io\2.4\b1b6ea3b7e4aa4f492509a4952029cd8e48019ad\commons-io-2.4.jar;C:\Users\shane\.gradle\caches\modules-2\files-2.1\commons-codec\commons-codec\1.9\9ce04e34240f674bc72680f8b843b1457383161a\commons-codec-1.9.jar;C:\Users\shane\.gradle\caches\modules-2\files-2.1\net.java.jutils\jutils\1.0.0\e12fe1fda814bd348c1579
Launcher Type: SUN_STANDARD

Environment Variables:
PATH=C:\Program Files (x86)\NZXT\CAM\FPS\;C:\Program Files (x86)\NZXT\CAM\FPS\;C:\Program Files (x86)\NZXT\CAM\FPS\;C:/Program Files/Java/jre1.8.0_112/bin/server;C:/Program Files/Java/jre1.8.0_112/bin;C:/Program Files/Java/jre1.8.0_112/lib/amd64;C:\ProgramData\Oracle\Java\javapath;C:\WINDOWS\system32;C:\WINDOWS;C:\WINDOWS\System32\Wbem;C:\WINDOWS\System32\WindowsPowerShell\v1.0\;C:\Program Files (x86)\NVIDIA Corporation\PhysX\Common;C:\Program Files (x86)\Calibre2\;C:\Program Files\Java\jdk1.8.0_112\bin;C:\Program Files\Java\jre1.8.0_112\bin;C:\Users\shane\AppData\Local\Microsoft\WindowsApps;C:\Program Files\eclipse-java-neon-2-win32-x86_64\eclipse;
USERNAME=shane
OS=Windows_NT
PROCESSOR_IDENTIFIER=Intel64 Family 6 Model 58 Stepping 9, GenuineIntel



---------------  S Y S T E M  ---------------

OS: Windows 10.0 , 64 bit Build 14393 (10.0.14393.0)

CPU:total 4 (4 cores per cpu, 1 threads per core) family 6 model 58 stepping 9, cmov, cx8, fxsr, mmx, sse, sse2, sse3, ssse3, sse4.1, sse4.2, popcnt, avx, aes, clmul, erms, tsc, tscinvbit, tscinv

Memory: 4k page, physical 12522500k(5767916k free), swap 16978948k(4880468k free)

vm_info: Java HotSpot(TM) 64-Bit Server VM (25.112-b15) for windows-amd64 JRE (1.8.0_112-b15), built on Sep 22 2016 21:31:56 by "java_re" with MS VC++ 10.0 (VS2010)

time: Fri Dec 30 11:51:49 2016
elapsed time: 26 seconds (0d 0h 0m 26s)

